
                   VC Static UI Shell (vcst) 

        Version: O-2018.09-SP2 for linux64 -- Mar 05, 2019
             Copyright (c) 2010-2019 by Synopsys, Inc.

This software and the associated documentation are confidential and 
proprietary to Synopsys, Inc. Your use or disclosure of this software 
is subject to the terms and conditions of a written license agreement 
between you, or your company, and Synopsys, Inc.

1
#MasterSourceFile vc_aep.tcl
true
set_app_var fml_mode_on true
true
set_fml_appmode AEP
1
set design bus_ssc_gnrtr
bus_ssc_gnrtr
read_file -top $design -format sverilog -aep all -sva -vcs {-f filelist.f}
Warning-[LCA_FEATURES_ENABLED] Usage warning
  LCA features enabled by '-lca' argument on the command line.  For more 
  information regarding list of LCA features please refer to Chapter "LCA 
  features" in the VCS/VCS-MX Release Notes
Warning-[UNK_COMP_ARG] Unknown compile time plus argument used
  Unknown compile time plus argument 'UVM_VERDI_TRACE' is ignored.
 + use `+plusarg_save' to bind in runtime plusargs;
 + use `+plusarg_ignore' to suppress this message.
Info: Invoking New SVA Compiler Instrument...
Info: SVAC-NC Start
Info: SVAC-NC Finished
Info: Invoking Vlog AEP or Cov Instrument...
Info: Vlog Coverage/AEP Extraction Start
Info: Vlog Coverage/AEP Extraction Finished
Info: Invoking Simon...
Info: Simon VCS Start
Warning-[SM_BB_LIST] Blackbox module list
  List of modules in design which are blackboxed by tool/user (1): bus_prprts
=======================================================
VCS CPU Time(s)     :0.37
SIMON CPU Time(s)   :0.06
SIMON Total Time(s) :0.20
Peak Memory(MB)     :359
=======================================================
Info: Simon VCS Finished
Info: Simon call complete 
Info: Exiting after Simon Analysis 
Verdi KDB elaboration done and the database successfully generated: 0 error(s), 0 warning(s)
[Info] DB_COPT045: Vcs analyzer task has finished.
[Info] PROP_I_COLLECT: Collecting Source Properties from the view:bus_ssc_gnrtr.
[Info] PROP_I_COLLECT: Collecting Source Properties from the view:bus_ssc_gnrtr.
1
create_clock clk -period 100
1
create_reset reset -high
vc_aep.tcl:6: [Error] SDC_OBJECT_NONEXIST: Object(s) not found
	Object(s) 'reset' specified in the sdc command 'create_reset' does not exist
0
sim_run -stable
[Info] SIM_I_CREATE: Create Simulation Model.
1
sim_save_reset
1
check_fv -block
[Info] FORMAL_I_CREATE: Create Formal Model:bus_ssc_gnrtr.
[Warning] POTENTIAL_SETUP_ISSUES: There are potential setup issues. Please run check_fv_setup to confirm.
	  Reset: 2  Clock: 9  Glitch: 18  Osc_loop: 0  Osc_seq: 21
[Info] FORMAL_I_RUN: Starting formal verification for check_fv
	  Id: 0  Goals: 538  Constraints: 0  Block Mode: true
[Info] APP_LIC_CHKOUT: Checkout 1 app license(s).
# 
1
report_fv -list > aep_results.txt
#fml_cov_gen_trace
1
1
1
