>>>verdiVcstResizeTopWin
<<< Success : 
>>>verdiWindowRestoreUserLayout -lastRunLayout
<<< Success : 1
>>>verdiDockWidgetSetCurTab -dock windowDock_vcstConsole_2
<<< Success : 1
>>>source /mnt/vol_NFS_Zener/WD_ESPEC/rmolina/evaristo_project/vc_static/O-2018.09-SP2/auxx/monet/tcl/menu.tcl

<<< Success : 1
>>>verdiVcstOnPropSelectionChanged -strNum 0 -propList {}
<<< Success : 
>>>verdiVcstCheckFv -active -taskName COV
>>>@@@Event: swnTraceWindowType(-win "nTrace")
<<< Success : 
>>>verdiSetRCValue -section appSetting -key fv -value {};verdiSetRCValue -section appSetting -key cov -value {};verdiSetRCValue -section appSetting -key seq -value {};verdiSetRCValue -section appSetting -key cc -value {};verdiSetRCValue -section appSetting -key con -value {};verdiSetRCValue -section appSetting -key fta -value {};verdiSetRCValue -section appSetting -key frv -value {};verdiSetRCValue -section appSetting -key fsv -value {};verdiSetRCValue -section appSetting -key fxp -value {};verdiSetRCValue -section appSetting -key dpv -value {};verdiSetRCValue -section appSetting -key showDisabled -value {true};verdiSetRCValue -section appSetting -key showWaived -value {false};verdiSetRCValue -section appSetting -key enableLiveSearch -value {false};verdiSetRCValue -section appSetting -key enableCaseSensitiveSearch -value {false};verdiSetRCValue -section appSetting -key showStatusText -value {false};verdiSetRCValue -section appSetting -key showConstantAnnot -value {true};verdiSetRCValue -section appSetting -key font -value {Bitstream Vera Sans(11)};verdiSetRCValue -section icmSetting -key startICMOverWrite -value {false};verdiSetRCValue -section icmSetting -key startICMNoAssumeProven -value {false};verdiSetRCValue -section icmSetting -key stepDepth -value {2};verdiSetRCValue -section icmSetting -key bmcDepth -value {50};verdiSetRCValue -section icmSetting -key checkICMBlock -value {false};verdiSetRCValue -section icmSetting -key endICMDeleteICMTask -value {false};verdiSetRCValue -section icmSetting -key endICMCopyOnlySelectedProps -value {false};verdiSetRCValue -section appSetting -key showNewVacuityIcon -value {false};verdiSetRCValue -section appSetting -key enableXTriggeringSchematic -value {false};verdiSetRCValue -section vdCovSetting -key scopeComplexity -value {false};verdiSetRCValue -section vdCovSetting -key scopeCOV -value {false};verdiSetRCValue -section vdCovSetting -key coiOABA -value {false};verdiSetRCValue -section vdCovSetting -key coiOAPBA -value {true};verdiSetRCValue -section vdCovSetting -key coiFCAll -value {false};verdiSetRCValue -section vdCovSetting -key coiFCSelected -value {true};verdiSetRCValue -section appSetting -key syncScope -value {false};verdiSetRCValue -section appSetting -key icon -value {20};sysRcFileSaveFlush;
>>>@@@Event: swnTraceWindowType(-win "nTrace")
<<< Failed : An error occurred executing verdiSetRCValue.
>>>set ::vcst::_fml_max_proof_depth {-1};set ::vcst::_fml_max_time {12H}
<<< Success : 12H
>>>verdiVcstOnPropSelectionChanged -strNum 0 -propList {}
<<< Success : 
>>>verdiDockWidgetSetCurTab -dock widgetDock_VCF:GoalList
<<< Success : 1
>>>verdiDockWidgetSetCurTab -dock widgetDock_VCF:TaskList
<<< Success : 1
>>>verdiVcstSetAppmode -mode COV -fromVcst
<<< Success : 
>>>verdiGetVcstCmdResult -xmlstr {<Command name="sim_run" status="1" />}
<<< Success : 1
>>>verdiGetVcstCmdResult -xmlstr {<Command name="sim_save_reset" status="1" />}
<<< Success : 1
>>>verdiLayoutFreeze -off
<<< Success : 1
>>>::vcst::showDebugViews -1 false false 
<<< Success : 1
>>>verdiSetStatusMsg -win Verdi_1 -color red { Design import... cross probing not ready }
<<< Success : 1
>>>set ::vcst::_top "tec_riscv_bus"
set ::vcst::_elab ""
set ::vcst::_elabOpts {}
set ::vcst::_rtdbDir {/mnt/vol_NFS_Zener/WD_ESPEC/rmolina/evaristo_project/bus_vcf/vcst_rtdb}
set ::vcst::_hiddenDir {.internal}
set ::vcst::_masterMode true
set ::vcst::_workLib "work"
set ::vcst::_upfOpts " -upf "
set ::vcst::_enableKdb "true"
set ::vcst::_simBinPath "simv"
set ::vcst::_goldenUpfConfig {}
set ::vcst::_nldmNschema {false}
set ::vcst::_kdbAlias {false}
set ::vcst::_covDut {}
set ::vcst::_splitbus {false}
set ::vcst::_enableVerdiLog {1}
set ::vcst::_fml_max_proof_depth {-1}
set ::vcst::_libArgs ""
set ::vcst::_seqXmlFile ""
schSetPreference -turboLibs "" -turboLibPaths ""
verdiSetPrefEnv -bSpecifyWindowTitleForDockContainer off
schSetPreference -detailRTL on
paSetPreference -brightenPowerColor on
schSetPreference -showPassThroughNet on
paSetPreference -AnnotateSignal off
paSetPreference -highlightPowerObject off
srcAssertSetOpt -addSigToWave 0 -addSigWithExpGrp 1 -maskWave 0 -ShowCycleInfo 1
verdiRunVcst -on
schSetVCSTDelimiter -hierDelim .
srcSetXpropOption "tmerge"
set ::vcst::_powerDbDir ""
set ::vcst::_bRestore ""
verdiDockWidgetFix -dock widgetDock_VCF:GoalList
::vcst::loadMainWin "0"
verdiDockWidgetUnfix -dock widgetDock_VCF:GoalList

setStyleFvProgress -css {font-family:Bitstream Vera Sans monospace;font-size:11px}
setStyleFvGoalProgress -css {font-family:Bitstream Vera Sans monospace;font-size:11px}
verdiSetFont -font "Bitstream Vera Sans" -size "11"
verdiSetPrefEnv -monoFontSize "11"
verdiVcstEnableAppMode -enable FRV

verdiRunVcstCmd "action aaVerdiWaitAnnotation -trigger
" -no_wait
verdiRunVcstCmd "action aaMonetSetReuseWave -data \{[verdiGetRCValue -section appSetting -key reuseWave]\}
" -no_wait
<<< Success : 1
>>>verdiSetPrefEnv -bDockNewWindowInContainerWhenFindSameType "off"
>>>@@@Event: srcImportDesign(tec_riscv_bus)
>>>verdiSetStatusMsg -win Verdi_1 -color black { Design import ready }
<<< Success : 1
>>>@@@Event: srcHBTreeSelect({ 1 {tec_riscv_bus}})
>>>@@@Event: srcChangeScope(tec_riscv_bus)
>>>@@@Event: srcHBTreeSelect({ 1 {tec_riscv_bus}})
>>>@@@Event: srcGetSnipSignal(srcGetSnipSignal)
>>>@@@Event: srcGetBlackbox(srcGetBlackbox)
>>>@@@Event: verdiRunVcstCmd(action aaVerdiWaitAnnotation -trigger
 -no_wait)
>>>verdiGetVcstCmdResult -xmlstr {<Command name="action" received="1"></Command>}

<<< Success : 1
>>>verdiGetVcstCmdResult -xmlstr {<Command name="action" status="1"></Command>}

<<< Success : 1
>>>@@@Event: verdiRunVcstCmd(action aaMonetSetReuseWave -data {}
 -no_wait)
>>>verdiGetVcstCmdResult -xmlstr {<Command name="action" received="1"></Command>}

<<< Success : 1
>>>verdiGetVcstCmdResult -xmlstr {<Command name="action" status="1"></Command>}

<<< Success : 1
>>>@@@Event: swnTraceWindowType(-win "nTrace")
<<< Success : 1
>>>set ::vcst::_bRestore ""
<<< Success : 
>>>verdiLayoutFreeze -off
<<< Success : 1
>>>srcSetSnipSignal -reset
<<< Success : 1
>>>report_fv_complexity -silent
>>>@@@Event: swnTraceWindowType(-win "nTrace")
<<< Success : 1
>>>vcstPropertyDensityShow -silent abstraction
<<< Success : 0
>>>srcSetSnipSignal -file {/mnt/vol_NFS_Zener/WD_ESPEC/rmolina/evaristo_project/bus_vcf/vcst_rtdb/.internal/verdi/snip_signals.list}
<<< Success : 0
>>>report_fv_complexity -silent
<<< Success : 1
>>>vcstPropertyDensityShow -silent abstraction
<<< Success : 0
>>>srcSetBlackbox  -inst {tec_riscv_bus.chk}  -delim {.}
<<< Success : 1
>>>srcSetSnipSignal -reset
<<< Success : 1
>>>report_fv_complexity -silent
<<< Success : 1
>>>vcstPropertyDensityShow -silent abstraction
<<< Success : 0
>>>srcSetSnipSignal -file {/mnt/vol_NFS_Zener/WD_ESPEC/rmolina/evaristo_project/bus_vcf/vcst_rtdb/.internal/verdi/snip_signals.list}
<<< Success : 0
>>>report_fv_complexity -silent
<<< Success : 1
>>>vcstPropertyDensityShow -silent abstraction
<<< Success : 0
>>>@@@Event: swnTraceWindowType(-win "nTrace")
>>>@@@Event: swnTraceWindowType(-win "nTrace")
>>>@@@Event: swnTraceWindowType(-win "nTrace")
>>>@@@Event: swnTraceWindowType(-win "nTrace")
>>>@@@Event: swnTraceWindowType(-win "nTrace")
>>>verdiVcstOnPropSelectionChanged -strNum 1 -propList {tec_riscv_bus.fifo_in_mbc._dp_[0]._dp2_.D_reg.bit_[10].prll_regstr_.line_0}
<<< Success : 1
>>>verdiVcstOnPropSelectionChanged -strNum 1 -propList {tec_riscv_bus.fifo_in_mbc._dp_[0]._dp2_.D_reg.bit_[10].prll_regstr_.line_0}
<<< Success : 1
