
                   VC Static UI Shell (vcst) 

        Version: O-2018.09-SP2 for linux64 -- Mar 05, 2019
             Copyright (c) 2010-2019 by Synopsys, Inc.

This software and the associated documentation are confidential and 
proprietary to Synopsys, Inc. Your use or disclosure of this software 
is subject to the terms and conditions of a written license agreement 
between you, or your company, and Synopsys, Inc.

1
#MasterSourceFile vc_cov.tcl
true
set_app_var fml_mode_on true
true
set_fml_appmode COV
1
set design tec_riscv_bus
tec_riscv_bus
read_file -top $design -format sverilog -cov line+cond -sva -vcs {-cm_cond allops -f filelist}
[Info] COV_I_NO_DB_AUTO_OPT_OFF: No coverage database is imported.
	Hence coverage options cannot be automatically extracted by the tool. So please make sure to specify the relevant coverage options with the read_file/elaborate command.
Warning-[LCA_FEATURES_ENABLED] Usage warning
  LCA features enabled by '-lca' argument on the command line.  For more 
  information regarding list of LCA features please refer to Chapter "LCA 
  features" in the VCS/VCS-MX Release Notes
Warning-[UNK_COMP_ARG] Unknown compile time plus argument used
  Unknown compile time plus argument 'UVM_VERDI_TRACE' is ignored.
 + use `+plusarg_save' to bind in runtime plusargs;
 + use `+plusarg_ignore' to suppress this message.
Info: Invoking New SVA Compiler Instrument...
Info: SVAC-NC Start
Info: SVAC-NC Finished
VCS Coverage Metrics Release O-2018.09-SP2_Full64 Copyright (c) 1991-2018 by Synopsys Inc.
Info: Invoking Pre Vlog Line Cov Instrument...
Info: Invoking Pre Vlog Cond Cov Instrument...
Info: Invoking Vlog AEP or Cov Instrument...
Info: Vlog Coverage/AEP Extraction Start
Info: Vlog Coverage/AEP Extraction Finished
Info: Invoking Simon...
Info: Simon VCS Start
Warning-[SM_BB_LIST] Blackbox module list
  List of modules in design which are blackboxed by tool/user (1): sva_bus
=======================================================
VCS CPU Time(s)     :0.52
SIMON CPU Time(s)   :0.11
SIMON Total Time(s) :0.47
Peak Memory(MB)     :367
=======================================================
Info: Simon VCS Finished
Info: Simon call complete 
Info: Exiting after Simon Analysis 
Verdi KDB elaboration done and the database successfully generated: 0 error(s), 0 warning(s)
[Info] DB_COPT045: Vcs analyzer task has finished.
[Info] PROP_I_COLLECT: Collecting Source Properties from the view:tec_riscv_bus.
[Info] PROP_I_COLLECT: Collecting Source Properties from the view:tec_riscv_bus.
1
create_clock clk -period 100
1
#create_reset reset -high
sim_run -stable
[Info] SIM_I_CREATE: Create Simulation Model.
1
sim_save_reset
#fml_cov_gen_trace
1
